Determining if the pthread_create exist failed with the following output:
Change Dir: /home/mike/motius/build/CMakeFiles/CMakeTmp

Run Build Command:"/usr/bin/make" "cmTC_d41da/fast"
/usr/bin/make -f CMakeFiles/cmTC_d41da.dir/build.make CMakeFiles/cmTC_d41da.dir/build
make[1]: Entering directory '/home/mike/motius/build/CMakeFiles/CMakeTmp'
Building C object CMakeFiles/cmTC_d41da.dir/CheckSymbolExists.c.o
/usr/bin/cc    -o CMakeFiles/cmTC_d41da.dir/CheckSymbolExists.c.o   -c /home/mike/motius/build/CMakeFiles/CMakeTmp/CheckSymbolExists.c
Linking C executable cmTC_d41da
/usr/bin/cmake -E cmake_link_script CMakeFiles/cmTC_d41da.dir/link.txt --verbose=1
/usr/bin/cc      -rdynamic CMakeFiles/cmTC_d41da.dir/CheckSymbolExists.c.o  -o cmTC_d41da 
CMakeFiles/cmTC_d41da.dir/CheckSymbolExists.c.o: In function `main':
CheckSymbolExists.c:(.text+0x1b): undefined reference to `pthread_create'
collect2: error: ld returned 1 exit status
CMakeFiles/cmTC_d41da.dir/build.make:97: recipe for target 'cmTC_d41da' failed
make[1]: *** [cmTC_d41da] Error 1
make[1]: Leaving directory '/home/mike/motius/build/CMakeFiles/CMakeTmp'
Makefile:126: recipe for target 'cmTC_d41da/fast' failed
make: *** [cmTC_d41da/fast] Error 2

File /home/mike/motius/build/CMakeFiles/CMakeTmp/CheckSymbolExists.c:
/* */
#include <pthread.h>

int main(int argc, char** argv)
{
  (void)argv;
#ifndef pthread_create
  return ((int*)(&pthread_create))[argc];
#else
  (void)argc;
  return 0;
#endif
}

Determining if the function pthread_create exists in the pthreads failed with the following output:
Change Dir: /home/mike/motius/build/CMakeFiles/CMakeTmp

Run Build Command:"/usr/bin/make" "cmTC_cbe8f/fast"
/usr/bin/make -f CMakeFiles/cmTC_cbe8f.dir/build.make CMakeFiles/cmTC_cbe8f.dir/build
make[1]: Entering directory '/home/mike/motius/build/CMakeFiles/CMakeTmp'
Building C object CMakeFiles/cmTC_cbe8f.dir/CheckFunctionExists.c.o
/usr/bin/cc   -DCHECK_FUNCTION_EXISTS=pthread_create   -o CMakeFiles/cmTC_cbe8f.dir/CheckFunctionExists.c.o   -c /usr/share/cmake-3.10/Modules/CheckFunctionExists.c
Linking C executable cmTC_cbe8f
/usr/bin/cmake -E cmake_link_script CMakeFiles/cmTC_cbe8f.dir/link.txt --verbose=1
/usr/bin/cc  -DCHECK_FUNCTION_EXISTS=pthread_create    -rdynamic CMakeFiles/cmTC_cbe8f.dir/CheckFunctionExists.c.o  -o cmTC_cbe8f -lpthreads 
/usr/bin/ld: cannot find -lpthreads
collect2: error: ld returned 1 exit status
CMakeFiles/cmTC_cbe8f.dir/build.make:97: recipe for target 'cmTC_cbe8f' failed
make[1]: *** [cmTC_cbe8f] Error 1
make[1]: Leaving directory '/home/mike/motius/build/CMakeFiles/CMakeTmp'
Makefile:126: recipe for target 'cmTC_cbe8f/fast' failed
make: *** [cmTC_cbe8f/fast] Error 2


